{"C:\\Users\\p.babin\\Desktop\\Jest-Test-Unit2\\src\\healthStatus.js": {"path":"C:\\Users\\p.babin\\Desktop\\Jest-Test-Unit2\\src\\healthStatus.js","statementMap":{"0":{"start":{"line":2,"column":4},"end":{"line":2,"column":59}},"1":{"start":{"line":2,"column":38},"end":{"line":2,"column":57}}},"fnMap":{"0":{"name":"sort","decl":{"start":{"line":1,"column":24},"end":{"line":1,"column":28}},"loc":{"start":{"line":1,"column":37},"end":{"line":3,"column":3}},"line":1},"1":{"name":"(anonymous_1)","decl":{"start":{"line":2,"column":28},"end":{"line":2,"column":29}},"loc":{"start":{"line":2,"column":38},"end":{"line":2,"column":57}},"line":2}},"branchMap":{},"s":{"0":3,"1":8},"f":{"0":3,"1":8},"b":{},"_coverageSchema":"1a1c01bbd47fc00a2c39e90264f33305004495a9","hash":"f178981dc3a7d92e94cf66db5ef4c61e7326b527"}
}
